<?xml version="1.0" encoding="UTF-8"?>
<testsuite name="BookRepositoryMockTest" tests="2" skipped="0" failures="0" errors="0" timestamp="2023-11-07T18:22:45" hostname="DESKTOP-MU9L898" time="0.039">
  <properties/>
  <testcase name="testFindAll()" classname="BookRepositoryMockTest" time="0.02"/>
  <testcase name="testFindById()" classname="BookRepositoryMockTest" time="0.018"/>
  <system-out><![CDATA[]]></system-out>
  <system-err><![CDATA[]]></system-err>
</testsuite>
